2026-02-21 17:12:38.699 [info] [main] Log level: Info
2026-02-21 17:12:38.699 [info] [main] Validating found git in: "git"
2026-02-21 17:12:38.699 [info] [main] Using git "2.43.0" from "git"
2026-02-21 17:12:38.699 [info] [Model][doInitialScan] Initial repository scan started
2026-02-21 17:12:38.699 [info] > git rev-parse --show-toplevel [2ms]
2026-02-21 17:12:38.699 [info] fatal: not a git repository (or any parent up to mount point /)
Stopping at filesystem boundary (GIT_DISCOVERY_ACROSS_FILESYSTEM not set).
2026-02-21 17:12:38.699 [info] > git rev-parse --show-toplevel [1ms]
2026-02-21 17:12:38.699 [info] fatal: not a git repository (or any parent up to mount point /)
Stopping at filesystem boundary (GIT_DISCOVERY_ACROSS_FILESYSTEM not set).
2026-02-21 17:12:38.699 [info] > git rev-parse --show-toplevel [1ms]
2026-02-21 17:12:38.699 [info] fatal: not a git repository (or any parent up to mount point /)
Stopping at filesystem boundary (GIT_DISCOVERY_ACROSS_FILESYSTEM not set).
2026-02-21 17:12:38.699 [info] > git rev-parse --show-toplevel [1ms]
2026-02-21 17:12:38.699 [info] fatal: not a git repository (or any parent up to mount point /)
Stopping at filesystem boundary (GIT_DISCOVERY_ACROSS_FILESYSTEM not set).
2026-02-21 17:12:38.699 [info] > git rev-parse --show-toplevel [3ms]
2026-02-21 17:12:38.699 [info] fatal: not a git repository (or any parent up to mount point /)
Stopping at filesystem boundary (GIT_DISCOVERY_ACROSS_FILESYSTEM not set).
2026-02-21 17:12:38.699 [info] > git rev-parse --show-toplevel [1ms]
2026-02-21 17:12:38.699 [info] fatal: not a git repository (or any parent up to mount point /)
Stopping at filesystem boundary (GIT_DISCOVERY_ACROSS_FILESYSTEM not set).
2026-02-21 17:12:38.700 [info] > git rev-parse --show-toplevel [1ms]
2026-02-21 17:12:38.700 [info] fatal: not a git repository (or any parent up to mount point /)
Stopping at filesystem boundary (GIT_DISCOVERY_ACROSS_FILESYSTEM not set).
2026-02-21 17:12:38.703 [info] > git rev-parse --show-toplevel [0ms]
2026-02-21 17:12:38.703 [info] fatal: not a git repository (or any parent up to mount point /)
Stopping at filesystem boundary (GIT_DISCOVERY_ACROSS_FILESYSTEM not set).
2026-02-21 17:12:38.706 [info] > git rev-parse --show-toplevel [0ms]
2026-02-21 17:12:38.706 [info] fatal: not a git repository (or any parent up to mount point /)
Stopping at filesystem boundary (GIT_DISCOVERY_ACROSS_FILESYSTEM not set).
2026-02-21 17:12:38.730 [info] > git rev-parse --show-toplevel [22ms]
2026-02-21 17:12:38.730 [info] fatal: not a git repository (or any parent up to mount point /)
Stopping at filesystem boundary (GIT_DISCOVERY_ACROSS_FILESYSTEM not set).
2026-02-21 17:12:38.736 [info] > git rev-parse --show-toplevel [3ms]
2026-02-21 17:12:38.736 [info] fatal: not a git repository (or any parent up to mount point /)
Stopping at filesystem boundary (GIT_DISCOVERY_ACROSS_FILESYSTEM not set).
2026-02-21 17:12:38.739 [info] > git rev-parse --show-toplevel [1ms]
2026-02-21 17:12:38.739 [info] fatal: not a git repository (or any parent up to mount point /)
Stopping at filesystem boundary (GIT_DISCOVERY_ACROSS_FILESYSTEM not set).
2026-02-21 17:12:38.743 [info] > git rev-parse --show-toplevel [1ms]
2026-02-21 17:12:38.743 [info] fatal: not a git repository (or any parent up to mount point /)
Stopping at filesystem boundary (GIT_DISCOVERY_ACROSS_FILESYSTEM not set).
2026-02-21 17:12:38.746 [info] > git rev-parse --show-toplevel [1ms]
2026-02-21 17:12:38.746 [info] fatal: not a git repository (or any parent up to mount point /)
Stopping at filesystem boundary (GIT_DISCOVERY_ACROSS_FILESYSTEM not set).
2026-02-21 17:12:38.749 [info] > git rev-parse --show-toplevel [1ms]
2026-02-21 17:12:38.749 [info] fatal: not a git repository (or any parent up to mount point /)
Stopping at filesystem boundary (GIT_DISCOVERY_ACROSS_FILESYSTEM not set).
2026-02-21 17:12:38.752 [info] [Model][doInitialScan] Initial repository scan completed - repositories (0), closed repositories (0), parent repositories (0), unsafe repositories (0)
2026-02-21 17:12:38.755 [info] > git rev-parse --show-toplevel [1ms]
2026-02-21 17:12:38.755 [info] fatal: not a git repository (or any parent up to mount point /)
Stopping at filesystem boundary (GIT_DISCOVERY_ACROSS_FILESYSTEM not set).
