[2026-02-23 09:48:10] info: 	z2m: Logging to console, file (filename: log.log)
[2026-02-23 09:48:10] info: 	z2m: Starting Zigbee2MQTT version 2.8.0 (commit #b0b02c30b2e58c94043298c14848c90a0f74a24a
)
[2026-02-23 09:48:10] info: 	z2m: Starting zigbee-herdsman (9.0.2)
[2026-02-23 09:48:10] warning: 	zh:ezsp: 'ezsp' driver is deprecated and will only remain to provide support for older firmware (pre 7.4.x). Migration to 'ember' is recommended. If using Zigbee2MQTT see https://github.com/Koenkk/zigbee2mqtt/discussions/21462
[2026-02-23 09:48:12] error: 	zh:ezsp:ezsp: Connection attempt 1 error: Error: connect EHOSTUNREACH 10.160.0.231:6638
[2026-02-23 09:48:20] error: 	zh:ezsp:ezsp: Connection attempt 2 error: Error: connect EHOSTUNREACH 10.160.0.231:6638
[2026-02-23 09:48:33] error: 	zh:ezsp:ezsp: Connection attempt 3 error: Error: connect EHOSTUNREACH 10.160.0.231:6638
[2026-02-23 09:48:51] error: 	zh:ezsp:ezsp: Connection attempt 4 error: Error: connect EHOSTUNREACH 10.160.0.231:6638
[2026-02-23 09:48:51] error: 	z2m: Error while starting zigbee-herdsman
[2026-02-23 09:48:51] error: 	z2m: Failed to start zigbee-herdsman
[2026-02-23 09:48:51] error: 	z2m: Check https://www.zigbee2mqtt.io/guide/installation/20_zigbee2mqtt-fails-to-start_crashes-runtime.html for possible solutions
[2026-02-23 09:48:51] error: 	z2m: Exiting...
[2026-02-23 09:48:51] error: 	z2m: Error: Failure to connect
    at Ezsp.connect (/app/node_modules/.pnpm/zigbee-herdsman@9.0.2/node_modules/zigbee-herdsman/src/adapter/ezsp/driver/ezsp.ts:366:19)
    at processTicksAndRejections (node:internal/process/task_queues:103:5)
    at Driver.startup (/app/node_modules/.pnpm/zigbee-herdsman@9.0.2/node_modules/zigbee-herdsman/src/adapter/ezsp/driver/driver.ts:186:13)
    at EZSPAdapter.start (/app/node_modules/.pnpm/zigbee-herdsman@9.0.2/node_modules/zigbee-herdsman/src/adapter/ezsp/adapter/ezspAdapter.ts:151:16)
    at Controller.start (/app/node_modules/.pnpm/zigbee-herdsman@9.0.2/node_modules/zigbee-herdsman/src/controller/controller.ts:143:29)
    at Zigbee.start (/app/lib/zigbee.ts:70:27)
    at Controller.start (/app/lib/controller.ts:101:13)
    at start (/app/index.js:149:5)
