2026-02-22 12:35:02.981 [info] Extension host with pid 32299 started
2026-02-22 12:35:02.986 [info] Lock '/config/data/User/workspaceStorage/-3c686b08/vscode.lock': Lock acquired.
2026-02-22 12:35:03.044 [info] ExtensionService#_doActivateExtension vscode.github-authentication, startup: false, activationEvent: 'onAuthenticationRequest:github'
2026-02-22 12:35:03.045 [info] ExtensionService#_doActivateExtension vscode.emmet, startup: false, activationEvent: 'onLanguage'
2026-02-22 12:35:03.120 [info] ExtensionService#_doActivateExtension vscode.git-base, startup: true, activationEvent: '*', root cause: vscode.git
2026-02-22 12:35:03.147 [info] ExtensionService#_doActivateExtension vscode.git, startup: true, activationEvent: '*'
2026-02-22 12:35:03.147 [info] ExtensionService#_doActivateExtension vscode.github, startup: true, activationEvent: '*'
2026-02-22 12:35:03.269 [info] Eager extensions activated
2026-02-22 12:35:03.269 [info] ExtensionService#_doActivateExtension vscode.debug-auto-launch, startup: false, activationEvent: 'onStartupFinished'
2026-02-22 12:35:03.270 [info] ExtensionService#_doActivateExtension vscode.merge-conflict, startup: false, activationEvent: 'onStartupFinished'
2026-02-22 15:35:16.906 [info] Extension host terminating: renderer disconnected for too long (1)
2026-02-22 15:35:16.907 [info] Lock '/config/data/User/workspaceStorage/-3c686b08/vscode.lock': Marking the lockfile as scheduled to be released in 6000 ms.
2026-02-22 15:35:16.936 [error] ProxyResolver#resolveProxy undefined Canceled: Canceled
	at ru (file:///app/code-server/lib/vscode/out/vs/workbench/api/node/extensionHostProcess.js:7:1394)
	at file:///app/code-server/lib/vscode/out/vs/workbench/api/node/extensionHostProcess.js:29:128571
	at Array.forEach (<anonymous>)
	at kE.dispose (file:///app/code-server/lib/vscode/out/vs/workbench/api/node/extensionHostProcess.js:29:128511)
	at YK.terminate (file:///app/code-server/lib/vscode/out/vs/workbench/api/node/extensionHostProcess.js:120:10238)
	at BN.terminate (file:///app/code-server/lib/vscode/out/vs/workbench/api/node/extensionHostProcess.js:122:914)
	at zr (file:///app/code-server/lib/vscode/out/vs/workbench/api/node/extensionHostProcess.js:405:11144)
	at $C.a (file:///app/code-server/lib/vscode/out/vs/workbench/api/node/extensionHostProcess.js:405:7970)
	at $C.h (file:///app/code-server/lib/vscode/out/vs/workbench/api/node/extensionHostProcess.js:28:76986)
	at listOnTimeout (node:internal/timers:588:17)
	at process.processTimers (node:internal/timers:523:7) 
2026-02-22 15:35:16.950 [info] Extension host with pid 32299 exiting with code 0
